[16:39:20] [SENTINEL] xZDOS_AOA_SENTINEL v3 — Meta-agente
[16:39:20] [INFO] Root: /data/data/com.termux/files/home/xZDOS_AOA
[16:39:20] [INFO] Scripts: /data/data/com.termux/files/home/xZDOS_AOA/scripts
[16:39:20] [INFO] Log file: /data/data/com.termux/files/home/xZDOS_AOA/logs/sentinel_20260213_163920.log
[16:39:20] [INFO] Stato precedente: OK (cicli: 53)
[16:39:20] [STEP] Verifica integrità agenti
[16:39:20] [OK] xzdos_moltbook_social.sh integro
[16:39:20] [OK] xzdos_aoa_install.sh integro
[16:39:20] [OK] xzdos_aoa_update.sh integro
[16:39:20] [OK] xzdos_aoa_sync.sh integro
[16:39:20] [OK] xzdos_aoa_pages_sync.sh integro
[16:39:20] [OK] xzdos_aoa_deploy_pages.sh integro
[16:39:20] [OK] xzdos_template_gen.sh integro
[16:39:20] [OK] xzdos_panel_gen.sh integro
[16:39:20] [OK] xzdos_rebuild.sh integro
[16:39:20] [OK] xzdos_backup.sh integro
[16:39:20] [OK] xzdos_doctor.sh integro
[16:39:20] [OK] xzdos_validator.sh integro
[16:39:20] [OK] xzdos_aoa_all_in_one.sh integro
[16:39:20] [STEP] Diagnostica
[DOCTOR] Diagnostica xZDOS_AOA
[CHECK] Verifica directory...
[OK] panels
[WARN] config mancante
[WARN] src mancante
[OK] scripts
[DONE] Diagnostica completata
[16:39:20] [OK] Diagnostica completata
[16:39:20] [STEP] Validazione
[VALIDATOR] Validazione struttura xZDOS_AOA
[ERROR] Master script mancante
[DONE] Validazione completata
[16:39:20] [OK] Validazione completata
[16:39:20] [DONE] Ciclo SENTINEL completato — Stato: OK
