[00:15:34] [BOOTSTRAP] Installazione moduli SENTINEL v3
[00:15:34] [BOOTSTRAP] Moduli SENTINEL v3 creati
[00:15:34] [SENTINEL] xZDOS_AOA_SENTINEL v3 — Meta-agente
[00:15:34] [INFO] Root: /data/data/com.termux/files/home/xZDOS_AOA
[00:15:34] [INFO] Scripts: /data/data/com.termux/files/home/xZDOS_AOA/scripts
[00:15:34] [INFO] Log file: /data/data/com.termux/files/home/xZDOS_AOA/logs/sentinel_20260207_001534.log
[00:15:34] [INFO] Stato precedente:  (cicli: )
[00:15:34] [STEP] Verifica integrità agenti
[00:15:34] [OK] xzdos_aoa_install.sh integro
[00:15:34] [OK] xzdos_aoa_update.sh integro
[00:15:34] [OK] xzdos_aoa_sync.sh integro
[00:15:34] [OK] xzdos_aoa_pages_sync.sh integro
[00:15:34] [OK] xzdos_aoa_deploy_pages.sh integro
[00:15:34] [OK] xzdos_template_gen.sh integro
[00:15:34] [OK] xzdos_panel_gen.sh integro
[00:15:34] [OK] xzdos_rebuild.sh integro
[00:15:34] [OK] xzdos_backup.sh integro
[00:15:34] [OK] xzdos_doctor.sh integro
[00:15:34] [OK] xzdos_validator.sh integro
[00:15:34] [OK] xzdos_aoa_all_in_one.sh integro
[00:15:34] [STEP] Diagnostica
[DOCTOR] Diagnostica xZDOS_AOA
[CHECK] Verifica directory...
[WARN] panels mancante
[WARN] config mancante
[WARN] src mancante
[WARN] scripts mancante
[DONE] Diagnostica completata
[00:15:34] [OK] Diagnostica completata
[00:15:34] [STEP] Validazione
[VALIDATOR] Validazione struttura xZDOS_AOA
[ERROR] Master script mancante
[DONE] Validazione completata
[00:15:34] [OK] Validazione completata
[00:15:34] [DONE] Ciclo SENTINEL completato — Stato: OK
[00:15:34] [DEPLOY] Sync dashboard in docs/ per GitHub Pages
[00:15:34] [DEPLOY] Pronto per git add/commit/push
