[11:25:34] [SENTINEL] xZDOS_AOA_SENTINEL v3 — Meta-agente
[11:25:34] [INFO] Root: /data/data/com.termux/files/home/xZDOS_AOA
[11:25:34] [INFO] Scripts: /data/data/com.termux/files/home/xZDOS_AOA/scripts
[11:25:34] [INFO] Log file: /data/data/com.termux/files/home/xZDOS_AOA/logs/sentinel_20260207_112534.log
[11:25:34] [INFO] Stato precedente: OK (cicli: 40)
[11:25:34] [STEP] Verifica integrità agenti
[11:25:34] [OK] xzdos_moltbook_social.sh integro
[11:25:34] [OK] xzdos_aoa_install.sh integro
[11:25:34] [OK] xzdos_aoa_update.sh integro
[11:25:34] [OK] xzdos_aoa_sync.sh integro
[11:25:34] [OK] xzdos_aoa_pages_sync.sh integro
[11:25:34] [OK] xzdos_aoa_deploy_pages.sh integro
[11:25:34] [OK] xzdos_template_gen.sh integro
[11:25:34] [OK] xzdos_panel_gen.sh integro
[11:25:34] [OK] xzdos_rebuild.sh integro
[11:25:34] [OK] xzdos_backup.sh integro
[11:25:35] [OK] xzdos_doctor.sh integro
[11:25:35] [OK] xzdos_validator.sh integro
[11:25:35] [OK] xzdos_aoa_all_in_one.sh integro
[11:25:35] [STEP] Diagnostica
[DOCTOR] Diagnostica xZDOS_AOA
[CHECK] Verifica directory...
[OK] panels
[OK] config
[OK] src
[OK] scripts
[DONE] Diagnostica completata
[11:25:35] [OK] Diagnostica completata
[11:25:35] [STEP] Validazione
[VALIDATOR] Validazione struttura xZDOS_AOA
[ERROR] Master script mancante
[DONE] Validazione completata
[11:25:35] [OK] Validazione completata
[11:25:35] [DONE] Ciclo SENTINEL completato — Stato: OK
