[00:28:56] [BOOTSTRAP] Installazione moduli SENTINEL v3
[00:28:56] [BOOTSTRAP] Moduli SENTINEL v3 creati
[00:28:56] [SENTINEL] xZDOS_AOA_SENTINEL v3 — Meta-agente
[00:28:56] [INFO] Root: /data/data/com.termux/files/home/xZDOS_AOA
[00:28:56] [INFO] Scripts: /data/data/com.termux/files/home/xZDOS_AOA/scripts
[00:28:56] [INFO] Log file: /data/data/com.termux/files/home/xZDOS_AOA/logs/sentinel_20260207_002856.log
[00:28:56] [INFO] Stato precedente: OK (cicli: 1)
[00:28:56] [STEP] Verifica integrità agenti
[00:28:56] [OK] xzdos_aoa_install.sh integro
[00:28:56] [OK] xzdos_aoa_update.sh integro
[00:28:56] [OK] xzdos_aoa_sync.sh integro
[00:28:56] [OK] xzdos_aoa_pages_sync.sh integro
[00:28:56] [OK] xzdos_aoa_deploy_pages.sh integro
[00:28:56] [OK] xzdos_template_gen.sh integro
[00:28:56] [OK] xzdos_panel_gen.sh integro
[00:28:56] [OK] xzdos_rebuild.sh integro
[00:28:56] [OK] xzdos_backup.sh integro
[00:28:56] [OK] xzdos_doctor.sh integro
[00:28:56] [OK] xzdos_validator.sh integro
[00:28:56] [OK] xzdos_aoa_all_in_one.sh integro
[00:28:56] [STEP] Diagnostica
[DOCTOR] Diagnostica xZDOS_AOA
[CHECK] Verifica directory...
[OK] panels
[OK] config
[OK] src
[OK] scripts
[DONE] Diagnostica completata
[00:28:56] [OK] Diagnostica completata
[00:28:56] [STEP] Validazione
[VALIDATOR] Validazione struttura xZDOS_AOA
[ERROR] Master script mancante
[DONE] Validazione completata
[00:28:56] [OK] Validazione completata
[00:28:56] [DONE] Ciclo SENTINEL completato — Stato: OK
[00:28:56] [DEPLOY] Sync dashboard in docs/ per GitHub Pages
[00:28:56] [DEPLOY] Pronto per git add/commit/push
